<?xml version="1.0" encoding="UTF-8"?>
<!-- Generated by org.testng.reporters.JUnitXMLReporter -->
<testsuite hostname="DEV10" name="Command line test" tests="3" failures="0" timestamp="16 Apr 2019 20:11:51 GMT" time="0.102" errors="0">
  <testcase name="test" time="0.001" classname="TestNGmavenexemple.CalculatorTest">
    <skipped/>
  </testcase> <!-- test -->
  <testcase name="testDivison" time="0.002" classname="TestNGmavenexemple.CalculatorTest"/>
  <testcase name="testSum" time="0.001" classname="TestNGmavenexemple.CalculatorTest"/>
</testsuite> <!-- Command line test -->
