<?xml version="1.0" encoding="UTF-8"?>
<testng-results skipped="0" failed="0" total="2" passed="2">
  <reporter-output>
    <line>
      <![CDATA[<div style="display:block;margin-left:10px;"></div>]]>
    </line>
    <line>
      <![CDATA[<div style="display:block;margin-left:10px;"></div>]]>
    </line>
    <line>
      <![CDATA[<div style="display:block;margin-left:10px;"></div>]]>
    </line>
    <line>
      <![CDATA[<div style="display:block;margin-left:10px;"></div>]]>
    </line>
    <line>
      <![CDATA[<div style="display:block;margin-left:10px;"></div>]]>
    </line>
    <line>
      <![CDATA[<div style="display:block;margin-left:10px;"></div>]]>
    </line>
    <line>
      <![CDATA[<div style="display:block;margin-left:10px;"></div>]]>
    </line>
  </reporter-output>
  <suite name="Default suite" duration-ms="111" started-at="2019-04-16T02:01:56Z" finished-at="2019-04-16T02:01:56Z">
    <groups>
      <group name="testEntityKey:PRO-TC-16">
        <method signature="CalculatorTest.testDivison99()[pri:0, instance:TestNGmavenexemple.CalculatorTest@436e852b]" name="testDivison99" class="TestNGmavenexemple.CalculatorTest"/>
        <method signature="CalculatorTest.testSum99()[pri:0, instance:TestNGmavenexemple.CalculatorTest@436e852b]" name="testSum99" class="TestNGmavenexemple.CalculatorTest"/>
      </group> <!-- testEntityKey:PRO-TC-16 -->
    </groups>
    <test name="Default test" duration-ms="111" started-at="2019-04-16T02:01:56Z" finished-at="2019-04-16T02:01:56Z">
      <class name="TestNGmavenexemple.CalculatorTest">
        <test-method status="PASS" signature="beforeEachTest()[pri:0, instance:TestNGmavenexemple.CalculatorTest@436e852b]" name="beforeEachTest" is-config="true" duration-ms="12" started-at="2019-04-16T03:01:56Z" finished-at="2019-04-16T03:01:56Z">
          <reporter-output>
            <line>
              <![CDATA[<div style="display:block;margin-left:10px;"></div>]]>
            </line>
          </reporter-output>
        </test-method> <!-- beforeEachTest -->
        <test-method status="PASS" signature="initCalculator()[pri:0, instance:TestNGmavenexemple.CalculatorTest@436e852b]" name="initCalculator" is-config="true" duration-ms="1" started-at="2019-04-16T03:01:56Z" finished-at="2019-04-16T03:01:56Z">
          <reporter-output>
            <line>
              <![CDATA[<div style="display:block;margin-left:10px;"></div>]]>
            </line>
          </reporter-output>
        </test-method> <!-- initCalculator -->
        <test-method status="PASS" signature="testDivison99()[pri:0, instance:TestNGmavenexemple.CalculatorTest@436e852b]" name="testDivison99" duration-ms="4" started-at="2019-04-16T03:01:56Z" finished-at="2019-04-16T03:01:56Z">
          <reporter-output>
            <line>
              <![CDATA[<div style="display:block;margin-left:10px;"></div>]]>
            </line>
            <line>
              <![CDATA[<div style="display:block;margin-left:10px;"></div>]]>
            </line>
          </reporter-output>
        </test-method> <!-- testDivison99 -->
        <test-method status="PASS" signature="testSum99()[pri:0, instance:TestNGmavenexemple.CalculatorTest@436e852b]" name="testSum99" duration-ms="1" started-at="2019-04-16T03:01:56Z" finished-at="2019-04-16T03:01:56Z">
          <reporter-output>
            <line>
              <![CDATA[<div style="display:block;margin-left:10px;"></div>]]>
            </line>
            <line>
              <![CDATA[<div style="display:block;margin-left:10px;"></div>]]>
            </line>
          </reporter-output>
        </test-method> <!-- testSum99 -->
        <test-method status="PASS" signature="afterEachTest()[pri:0, instance:TestNGmavenexemple.CalculatorTest@436e852b]" name="afterEachTest" is-config="true" duration-ms="0" started-at="2019-04-16T03:01:56Z" finished-at="2019-04-16T03:01:56Z">
          <reporter-output>
            <line>
              <![CDATA[<div style="display:block;margin-left:10px;"></div>]]>
            </line>
          </reporter-output>
        </test-method> <!-- afterEachTest -->
      </class> <!-- TestNGmavenexemple.CalculatorTest -->
    </test> <!-- Default test -->
  </suite> <!-- Default suite -->
</testng-results>
